7/28/2025, 6:48:58 AM MST [Modules] Modules initializing
7/28/2025, 6:48:58 AM MST [Modules] Distribution: remote
7/28/2025, 6:48:58 AM MST [Modules] Host updates: disabled
7/28/2025, 6:48:58 AM MST [Modules] Module updates: enabled
7/28/2025, 6:48:58 AM MST [Modules] Module install path: /home/aaron/.config/discord/0.0.102/modules
7/28/2025, 6:48:58 AM MST [Modules] Module installed file path: /home/aaron/.config/discord/0.0.102/modules/installed.json
7/28/2025, 6:48:58 AM MST [Modules] Module download path: /home/aaron/.config/discord/0.0.102/modules/pending
7/28/2025, 6:48:59 AM MST [Modules] Bootstrapping...
7/28/2025, 6:48:59 AM MST [Modules] Installing discord_desktop_core@0 from /nix/store/7jf1ay4hzpwnw7gkjbfmw0l9lyiklj3p-discord-0.0.102/opt/Discord/resources/bootstrap/discord_desktop_core.zip
7/28/2025, 6:48:59 AM MST [Modules] Failed installing discord_desktop_core@0: Error: ENOENT: no such file or directory, open '/nix/store/7jf1ay4hzpwnw7gkjbfmw0l9lyiklj3p-discord-0.0.102/opt/Discord/resources/bootstrap/discord_desktop_core.zip'
7/28/2025, 6:48:59 AM MST [Modules] Installing discord_erlpack@0 from /nix/store/7jf1ay4hzpwnw7gkjbfmw0l9lyiklj3p-discord-0.0.102/opt/Discord/resources/bootstrap/discord_erlpack.zip
7/28/2025, 6:48:59 AM MST [Modules] Failed installing discord_erlpack@0: Error: ENOENT: no such file or directory, open '/nix/store/7jf1ay4hzpwnw7gkjbfmw0l9lyiklj3p-discord-0.0.102/opt/Discord/resources/bootstrap/discord_erlpack.zip'
7/28/2025, 6:48:59 AM MST [Modules] Installing discord_spellcheck@0 from /nix/store/7jf1ay4hzpwnw7gkjbfmw0l9lyiklj3p-discord-0.0.102/opt/Discord/resources/bootstrap/discord_spellcheck.zip
7/28/2025, 6:48:59 AM MST [Modules] Failed installing discord_spellcheck@0: Error: ENOENT: no such file or directory, open '/nix/store/7jf1ay4hzpwnw7gkjbfmw0l9lyiklj3p-discord-0.0.102/opt/Discord/resources/bootstrap/discord_spellcheck.zip'
7/28/2025, 6:48:59 AM MST [Modules] Installing discord_utils@0 from /nix/store/7jf1ay4hzpwnw7gkjbfmw0l9lyiklj3p-discord-0.0.102/opt/Discord/resources/bootstrap/discord_utils.zip
7/28/2025, 6:48:59 AM MST [Modules] Failed installing discord_utils@0: Error: ENOENT: no such file or directory, open '/nix/store/7jf1ay4hzpwnw7gkjbfmw0l9lyiklj3p-discord-0.0.102/opt/Discord/resources/bootstrap/discord_utils.zip'
7/28/2025, 6:48:59 AM MST [Modules] Installing discord_voice@0 from /nix/store/7jf1ay4hzpwnw7gkjbfmw0l9lyiklj3p-discord-0.0.102/opt/Discord/resources/bootstrap/discord_voice.zip
7/28/2025, 6:48:59 AM MST [Modules] Failed installing discord_voice@0: Error: ENOENT: no such file or directory, open '/nix/store/7jf1ay4hzpwnw7gkjbfmw0l9lyiklj3p-discord-0.0.102/opt/Discord/resources/bootstrap/discord_voice.zip'
7/28/2025, 6:48:59 AM MST [Modules] Installing discord_zstd@0 from /nix/store/7jf1ay4hzpwnw7gkjbfmw0l9lyiklj3p-discord-0.0.102/opt/Discord/resources/bootstrap/discord_zstd.zip
7/28/2025, 6:48:59 AM MST [Modules] Failed installing discord_zstd@0: Error: ENOENT: no such file or directory, open '/nix/store/7jf1ay4hzpwnw7gkjbfmw0l9lyiklj3p-discord-0.0.102/opt/Discord/resources/bootstrap/discord_zstd.zip'
7/28/2025, 6:48:59 AM MST [Modules] Finished module installations. [success: 0] [failure: 6]
7/28/2025, 6:48:59 AM MST [Modules] Host is up to date.
7/28/2025, 6:48:59 AM MST [Modules] Checking for module updates at https://discord.com/api/modules/stable/versions.json
7/28/2025, 6:48:59 AM MST [Modules] Module update available: discord_desktop_core@2 [installed: 0]
7/28/2025, 6:48:59 AM MST [Modules] Module update available: discord_erlpack@1 [installed: 0]
7/28/2025, 6:48:59 AM MST [Modules] Module update available: discord_spellcheck@1 [installed: 0]
7/28/2025, 6:48:59 AM MST [Modules] Module update available: discord_utils@1 [installed: 0]
7/28/2025, 6:48:59 AM MST [Modules] Module update available: discord_voice@2 [installed: 0]
7/28/2025, 6:48:59 AM MST [Modules] Module update available: discord_zstd@1 [installed: 0]
7/28/2025, 6:48:59 AM MST [Modules] Fetching discord_desktop_core@2 from https://discord.com/api/modules/stable/discord_desktop_core/2
7/28/2025, 6:48:59 AM MST [Modules] Streaming discord_desktop_core@2 to /home/aaron/.config/discord/0.0.102/modules/pending/discord_desktop_core-2.zip
7/28/2025, 6:48:59 AM MST [Modules] Streaming discord_desktop_core@2 to /home/aaron/.config/discord/0.0.102/modules/pending/discord_desktop_core-2.zip: 2%
7/28/2025, 6:49:00 AM MST [Modules] Streaming discord_desktop_core@2 to /home/aaron/.config/discord/0.0.102/modules/pending/discord_desktop_core-2.zip: 3%
7/28/2025, 6:49:00 AM MST [Modules] Streaming discord_desktop_core@2 to /home/aaron/.config/discord/0.0.102/modules/pending/discord_desktop_core-2.zip: 4%
7/28/2025, 6:49:00 AM MST [Modules] Streaming discord_desktop_core@2 to /home/aaron/.config/discord/0.0.102/modules/pending/discord_desktop_core-2.zip: 5%
7/28/2025, 6:49:00 AM MST [Modules] Streaming discord_desktop_core@2 to /home/aaron/.config/discord/0.0.102/modules/pending/discord_desktop_core-2.zip: 6%
7/28/2025, 6:49:00 AM MST [Modules] Streaming discord_desktop_core@2 to /home/aaron/.config/discord/0.0.102/modules/pending/discord_desktop_core-2.zip: 7%
7/28/2025, 6:49:00 AM MST [Modules] Streaming discord_desktop_core@2 to /home/aaron/.config/discord/0.0.102/modules/pending/discord_desktop_core-2.zip: 8%
7/28/2025, 6:49:00 AM MST [Modules] Streaming discord_desktop_core@2 to /home/aaron/.config/discord/0.0.102/modules/pending/discord_desktop_core-2.zip: 9%
7/28/2025, 6:49:00 AM MST [Modules] Streaming discord_desktop_core@2 to /home/aaron/.config/discord/0.0.102/modules/pending/discord_desktop_core-2.zip: 11%
7/28/2025, 6:49:00 AM MST [Modules] Streaming discord_desktop_core@2 to /home/aaron/.config/discord/0.0.102/modules/pending/discord_desktop_core-2.zip: 12%
7/28/2025, 6:49:00 AM MST [Modules] Streaming discord_desktop_core@2 to /home/aaron/.config/discord/0.0.102/modules/pending/discord_desktop_core-2.zip: 14%
7/28/2025, 6:49:00 AM MST [Modules] Streaming discord_desktop_core@2 to /home/aaron/.config/discord/0.0.102/modules/pending/discord_desktop_core-2.zip: 15%
7/28/2025, 6:49:00 AM MST [Modules] Streaming discord_desktop_core@2 to /home/aaron/.config/discord/0.0.102/modules/pending/discord_desktop_core-2.zip: 17%
7/28/2025, 6:49:00 AM MST [Modules] Streaming discord_desktop_core@2 to /home/aaron/.config/discord/0.0.102/modules/pending/discord_desktop_core-2.zip: 18%
7/28/2025, 6:49:00 AM MST [Modules] Streaming discord_desktop_core@2 to /home/aaron/.config/discord/0.0.102/modules/pending/discord_desktop_core-2.zip: 21%
7/28/2025, 6:49:00 AM MST [Modules] Streaming discord_desktop_core@2 to /home/aaron/.config/discord/0.0.102/modules/pending/discord_desktop_core-2.zip: 22%
7/28/2025, 6:49:00 AM MST [Modules] Streaming discord_desktop_core@2 to /home/aaron/.config/discord/0.0.102/modules/pending/discord_desktop_core-2.zip: 24%
7/28/2025, 6:49:00 AM MST [Modules] Streaming discord_desktop_core@2 to /home/aaron/.config/discord/0.0.102/modules/pending/discord_desktop_core-2.zip: 25%
7/28/2025, 6:49:00 AM MST [Modules] Streaming discord_desktop_core@2 to /home/aaron/.config/discord/0.0.102/modules/pending/discord_desktop_core-2.zip: 26%
7/28/2025, 6:49:00 AM MST [Modules] Streaming discord_desktop_core@2 to /home/aaron/.config/discord/0.0.102/modules/pending/discord_desktop_core-2.zip: 29%
7/28/2025, 6:49:00 AM MST [Modules] Streaming discord_desktop_core@2 to /home/aaron/.config/discord/0.0.102/modules/pending/discord_desktop_core-2.zip: 32%
7/28/2025, 6:49:00 AM MST [Modules] Streaming discord_desktop_core@2 to /home/aaron/.config/discord/0.0.102/modules/pending/discord_desktop_core-2.zip: 37%
7/28/2025, 6:49:00 AM MST [Modules] Streaming discord_desktop_core@2 to /home/aaron/.config/discord/0.0.102/modules/pending/discord_desktop_core-2.zip: 40%
7/28/2025, 6:49:00 AM MST [Modules] Streaming discord_desktop_core@2 to /home/aaron/.config/discord/0.0.102/modules/pending/discord_desktop_core-2.zip: 42%
7/28/2025, 6:49:00 AM MST [Modules] Streaming discord_desktop_core@2 to /home/aaron/.config/discord/0.0.102/modules/pending/discord_desktop_core-2.zip: 45%
7/28/2025, 6:49:00 AM MST [Modules] Streaming discord_desktop_core@2 to /home/aaron/.config/discord/0.0.102/modules/pending/discord_desktop_core-2.zip: 51%
7/28/2025, 6:49:00 AM MST [Modules] Streaming discord_desktop_core@2 to /home/aaron/.config/discord/0.0.102/modules/pending/discord_desktop_core-2.zip: 54%
7/28/2025, 6:49:00 AM MST [Modules] Streaming discord_desktop_core@2 to /home/aaron/.config/discord/0.0.102/modules/pending/discord_desktop_core-2.zip: 57%
7/28/2025, 6:49:00 AM MST [Modules] Streaming discord_desktop_core@2 to /home/aaron/.config/discord/0.0.102/modules/pending/discord_desktop_core-2.zip: 60%
7/28/2025, 6:49:00 AM MST [Modules] Streaming discord_desktop_core@2 to /home/aaron/.config/discord/0.0.102/modules/pending/discord_desktop_core-2.zip: 65%
7/28/2025, 6:49:00 AM MST [Modules] Streaming discord_desktop_core@2 to /home/aaron/.config/discord/0.0.102/modules/pending/discord_desktop_core-2.zip: 68%
7/28/2025, 6:49:00 AM MST [Modules] Streaming discord_desktop_core@2 to /home/aaron/.config/discord/0.0.102/modules/pending/discord_desktop_core-2.zip: 72%
7/28/2025, 6:49:00 AM MST [Modules] Streaming discord_desktop_core@2 to /home/aaron/.config/discord/0.0.102/modules/pending/discord_desktop_core-2.zip: 77%
7/28/2025, 6:49:00 AM MST [Modules] Streaming discord_desktop_core@2 to /home/aaron/.config/discord/0.0.102/modules/pending/discord_desktop_core-2.zip: 80%
7/28/2025, 6:49:00 AM MST [Modules] Streaming discord_desktop_core@2 to /home/aaron/.config/discord/0.0.102/modules/pending/discord_desktop_core-2.zip: 86%
7/28/2025, 6:49:00 AM MST [Modules] Streaming discord_desktop_core@2 to /home/aaron/.config/discord/0.0.102/modules/pending/discord_desktop_core-2.zip: 90%
7/28/2025, 6:49:00 AM MST [Modules] Streaming discord_desktop_core@2 to /home/aaron/.config/discord/0.0.102/modules/pending/discord_desktop_core-2.zip: 99%
7/28/2025, 6:49:00 AM MST [Modules] Streaming discord_desktop_core@2 to /home/aaron/.config/discord/0.0.102/modules/pending/discord_desktop_core-2.zip: 100%
7/28/2025, 6:49:00 AM MST [Modules] Fetching discord_erlpack@1 from https://discord.com/api/modules/stable/discord_erlpack/1
7/28/2025, 6:49:00 AM MST [Modules] Streaming discord_erlpack@1 to /home/aaron/.config/discord/0.0.102/modules/pending/discord_erlpack-1.zip
7/28/2025, 6:49:00 AM MST [Modules] Streaming discord_erlpack@1 to /home/aaron/.config/discord/0.0.102/modules/pending/discord_erlpack-1.zip: 2%
7/28/2025, 6:49:00 AM MST [Modules] Streaming discord_erlpack@1 to /home/aaron/.config/discord/0.0.102/modules/pending/discord_erlpack-1.zip: 21%
7/28/2025, 6:49:00 AM MST [Modules] Streaming discord_erlpack@1 to /home/aaron/.config/discord/0.0.102/modules/pending/discord_erlpack-1.zip: 45%
7/28/2025, 6:49:00 AM MST [Modules] Streaming discord_erlpack@1 to /home/aaron/.config/discord/0.0.102/modules/pending/discord_erlpack-1.zip: 62%
7/28/2025, 6:49:00 AM MST [Modules] Streaming discord_erlpack@1 to /home/aaron/.config/discord/0.0.102/modules/pending/discord_erlpack-1.zip: 68%
7/28/2025, 6:49:00 AM MST [Modules] Streaming discord_erlpack@1 to /home/aaron/.config/discord/0.0.102/modules/pending/discord_erlpack-1.zip: 74%
7/28/2025, 6:49:00 AM MST [Modules] Streaming discord_erlpack@1 to /home/aaron/.config/discord/0.0.102/modules/pending/discord_erlpack-1.zip: 78%
7/28/2025, 6:49:00 AM MST [Modules] Streaming discord_erlpack@1 to /home/aaron/.config/discord/0.0.102/modules/pending/discord_erlpack-1.zip: 82%
7/28/2025, 6:49:00 AM MST [Modules] Streaming discord_erlpack@1 to /home/aaron/.config/discord/0.0.102/modules/pending/discord_erlpack-1.zip: 90%
7/28/2025, 6:49:00 AM MST [Modules] Streaming discord_erlpack@1 to /home/aaron/.config/discord/0.0.102/modules/pending/discord_erlpack-1.zip: 93%
7/28/2025, 6:49:00 AM MST [Modules] Streaming discord_erlpack@1 to /home/aaron/.config/discord/0.0.102/modules/pending/discord_erlpack-1.zip: 98%
7/28/2025, 6:49:00 AM MST [Modules] Streaming discord_erlpack@1 to /home/aaron/.config/discord/0.0.102/modules/pending/discord_erlpack-1.zip: 100%
7/28/2025, 6:49:00 AM MST [Modules] Fetching discord_spellcheck@1 from https://discord.com/api/modules/stable/discord_spellcheck/1
7/28/2025, 6:49:00 AM MST [Modules] Streaming discord_spellcheck@1 to /home/aaron/.config/discord/0.0.102/modules/pending/discord_spellcheck-1.zip
7/28/2025, 6:49:00 AM MST [Modules] Streaming discord_spellcheck@1 to /home/aaron/.config/discord/0.0.102/modules/pending/discord_spellcheck-1.zip: 1%
7/28/2025, 6:49:00 AM MST [Modules] Streaming discord_spellcheck@1 to /home/aaron/.config/discord/0.0.102/modules/pending/discord_spellcheck-1.zip: 2%
7/28/2025, 6:49:00 AM MST [Modules] Streaming discord_spellcheck@1 to /home/aaron/.config/discord/0.0.102/modules/pending/discord_spellcheck-1.zip: 3%
7/28/2025, 6:49:00 AM MST [Modules] Streaming discord_spellcheck@1 to /home/aaron/.config/discord/0.0.102/modules/pending/discord_spellcheck-1.zip: 4%
7/28/2025, 6:49:00 AM MST [Modules] Streaming discord_spellcheck@1 to /home/aaron/.config/discord/0.0.102/modules/pending/discord_spellcheck-1.zip: 5%
7/28/2025, 6:49:00 AM MST [Modules] Streaming discord_spellcheck@1 to /home/aaron/.config/discord/0.0.102/modules/pending/discord_spellcheck-1.zip: 6%
7/28/2025, 6:49:00 AM MST [Modules] Streaming discord_spellcheck@1 to /home/aaron/.config/discord/0.0.102/modules/pending/discord_spellcheck-1.zip: 7%
7/28/2025, 6:49:00 AM MST [Modules] Streaming discord_spellcheck@1 to /home/aaron/.config/discord/0.0.102/modules/pending/discord_spellcheck-1.zip: 8%
7/28/2025, 6:49:00 AM MST [Modules] Streaming discord_spellcheck@1 to /home/aaron/.config/discord/0.0.102/modules/pending/discord_spellcheck-1.zip: 9%
7/28/2025, 6:49:00 AM MST [Modules] Streaming discord_spellcheck@1 to /home/aaron/.config/discord/0.0.102/modules/pending/discord_spellcheck-1.zip: 10%
7/28/2025, 6:49:00 AM MST [Modules] Streaming discord_spellcheck@1 to /home/aaron/.config/discord/0.0.102/modules/pending/discord_spellcheck-1.zip: 11%
7/28/2025, 6:49:00 AM MST [Modules] Streaming discord_spellcheck@1 to /home/aaron/.config/discord/0.0.102/modules/pending/discord_spellcheck-1.zip: 12%
7/28/2025, 6:49:00 AM MST [Modules] Streaming discord_spellcheck@1 to /home/aaron/.config/discord/0.0.102/modules/pending/discord_spellcheck-1.zip: 13%
7/28/2025, 6:49:00 AM MST [Modules] Streaming discord_spellcheck@1 to /home/aaron/.config/discord/0.0.102/modules/pending/discord_spellcheck-1.zip: 14%
7/28/2025, 6:49:00 AM MST [Modules] Streaming discord_spellcheck@1 to /home/aaron/.config/discord/0.0.102/modules/pending/discord_spellcheck-1.zip: 15%
7/28/2025, 6:49:00 AM MST [Modules] Streaming discord_spellcheck@1 to /home/aaron/.config/discord/0.0.102/modules/pending/discord_spellcheck-1.zip: 16%
7/28/2025, 6:49:00 AM MST [Modules] Streaming discord_spellcheck@1 to /home/aaron/.config/discord/0.0.102/modules/pending/discord_spellcheck-1.zip: 17%
7/28/2025, 6:49:00 AM MST [Modules] Streaming discord_spellcheck@1 to /home/aaron/.config/discord/0.0.102/modules/pending/discord_spellcheck-1.zip: 18%
7/28/2025, 6:49:01 AM MST [Modules] Streaming discord_spellcheck@1 to /home/aaron/.config/discord/0.0.102/modules/pending/discord_spellcheck-1.zip: 19%
7/28/2025, 6:49:01 AM MST [Modules] Streaming discord_spellcheck@1 to /home/aaron/.config/discord/0.0.102/modules/pending/discord_spellcheck-1.zip: 20%
7/28/2025, 6:49:01 AM MST [Modules] Streaming discord_spellcheck@1 to /home/aaron/.config/discord/0.0.102/modules/pending/discord_spellcheck-1.zip: 22%
7/28/2025, 6:49:01 AM MST [Modules] Streaming discord_spellcheck@1 to /home/aaron/.config/discord/0.0.102/modules/pending/discord_spellcheck-1.zip: 23%
7/28/2025, 6:49:01 AM MST [Modules] Streaming discord_spellcheck@1 to /home/aaron/.config/discord/0.0.102/modules/pending/discord_spellcheck-1.zip: 24%
7/28/2025, 6:49:01 AM MST [Modules] Streaming discord_spellcheck@1 to /home/aaron/.config/discord/0.0.102/modules/pending/discord_spellcheck-1.zip: 25%
7/28/2025, 6:49:01 AM MST [Modules] Streaming discord_spellcheck@1 to /home/aaron/.config/discord/0.0.102/modules/pending/discord_spellcheck-1.zip: 26%
7/28/2025, 6:49:01 AM MST [Modules] Streaming discord_spellcheck@1 to /home/aaron/.config/discord/0.0.102/modules/pending/discord_spellcheck-1.zip: 27%
7/28/2025, 6:49:01 AM MST [Modules] Streaming discord_spellcheck@1 to /home/aaron/.config/discord/0.0.102/modules/pending/discord_spellcheck-1.zip: 28%
7/28/2025, 6:49:01 AM MST [Modules] Streaming discord_spellcheck@1 to /home/aaron/.config/discord/0.0.102/modules/pending/discord_spellcheck-1.zip: 29%
7/28/2025, 6:49:01 AM MST [Modules] Streaming discord_spellcheck@1 to /home/aaron/.config/discord/0.0.102/modules/pending/discord_spellcheck-1.zip: 31%
7/28/2025, 6:49:01 AM MST [Modules] Streaming discord_spellcheck@1 to /home/aaron/.config/discord/0.0.102/modules/pending/discord_spellcheck-1.zip: 32%
7/28/2025, 6:49:01 AM MST [Modules] Streaming discord_spellcheck@1 to /home/aaron/.config/discord/0.0.102/modules/pending/discord_spellcheck-1.zip: 33%
7/28/2025, 6:49:01 AM MST [Modules] Streaming discord_spellcheck@1 to /home/aaron/.config/discord/0.0.102/modules/pending/discord_spellcheck-1.zip: 34%
7/28/2025, 6:49:01 AM MST [Modules] Streaming discord_spellcheck@1 to /home/aaron/.config/discord/0.0.102/modules/pending/discord_spellcheck-1.zip: 41%
7/28/2025, 6:49:01 AM MST [Modules] Streaming discord_spellcheck@1 to /home/aaron/.config/discord/0.0.102/modules/pending/discord_spellcheck-1.zip: 55%
7/28/2025, 6:49:01 AM MST [Modules] Streaming discord_spellcheck@1 to /home/aaron/.config/discord/0.0.102/modules/pending/discord_spellcheck-1.zip: 60%
7/28/2025, 6:49:01 AM MST [Modules] Streaming discord_spellcheck@1 to /home/aaron/.config/discord/0.0.102/modules/pending/discord_spellcheck-1.zip: 62%
7/28/2025, 6:49:01 AM MST [Modules] Streaming discord_spellcheck@1 to /home/aaron/.config/discord/0.0.102/modules/pending/discord_spellcheck-1.zip: 68%
7/28/2025, 6:49:01 AM MST [Modules] Streaming discord_spellcheck@1 to /home/aaron/.config/discord/0.0.102/modules/pending/discord_spellcheck-1.zip: 76%
7/28/2025, 6:49:01 AM MST [Modules] Streaming discord_spellcheck@1 to /home/aaron/.config/discord/0.0.102/modules/pending/discord_spellcheck-1.zip: 78%
7/28/2025, 6:49:01 AM MST [Modules] Streaming discord_spellcheck@1 to /home/aaron/.config/discord/0.0.102/modules/pending/discord_spellcheck-1.zip: 79%
7/28/2025, 6:49:01 AM MST [Modules] Streaming discord_spellcheck@1 to /home/aaron/.config/discord/0.0.102/modules/pending/discord_spellcheck-1.zip: 81%
7/28/2025, 6:49:01 AM MST [Modules] Streaming discord_spellcheck@1 to /home/aaron/.config/discord/0.0.102/modules/pending/discord_spellcheck-1.zip: 82%
7/28/2025, 6:49:01 AM MST [Modules] Streaming discord_spellcheck@1 to /home/aaron/.config/discord/0.0.102/modules/pending/discord_spellcheck-1.zip: 85%
7/28/2025, 6:49:01 AM MST [Modules] Streaming discord_spellcheck@1 to /home/aaron/.config/discord/0.0.102/modules/pending/discord_spellcheck-1.zip: 88%
7/28/2025, 6:49:01 AM MST [Modules] Streaming discord_spellcheck@1 to /home/aaron/.config/discord/0.0.102/modules/pending/discord_spellcheck-1.zip: 90%
7/28/2025, 6:49:01 AM MST [Modules] Streaming discord_spellcheck@1 to /home/aaron/.config/discord/0.0.102/modules/pending/discord_spellcheck-1.zip: 97%
7/28/2025, 6:49:01 AM MST [Modules] Streaming discord_spellcheck@1 to /home/aaron/.config/discord/0.0.102/modules/pending/discord_spellcheck-1.zip: 98%
7/28/2025, 6:49:01 AM MST [Modules] Streaming discord_spellcheck@1 to /home/aaron/.config/discord/0.0.102/modules/pending/discord_spellcheck-1.zip: 99%
7/28/2025, 6:49:01 AM MST [Modules] Streaming discord_spellcheck@1 to /home/aaron/.config/discord/0.0.102/modules/pending/discord_spellcheck-1.zip: 100%
7/28/2025, 6:49:01 AM MST [Modules] Fetching discord_utils@1 from https://discord.com/api/modules/stable/discord_utils/1
7/28/2025, 6:49:01 AM MST [Modules] Streaming discord_utils@1 to /home/aaron/.config/discord/0.0.102/modules/pending/discord_utils-1.zip
7/28/2025, 6:49:01 AM MST [Modules] Streaming discord_utils@1 to /home/aaron/.config/discord/0.0.102/modules/pending/discord_utils-1.zip: 3%
7/28/2025, 6:49:01 AM MST [Modules] Streaming discord_utils@1 to /home/aaron/.config/discord/0.0.102/modules/pending/discord_utils-1.zip: 6%
7/28/2025, 6:49:01 AM MST [Modules] Streaming discord_utils@1 to /home/aaron/.config/discord/0.0.102/modules/pending/discord_utils-1.zip: 9%
7/28/2025, 6:49:01 AM MST [Modules] Streaming discord_utils@1 to /home/aaron/.config/discord/0.0.102/modules/pending/discord_utils-1.zip: 10%
7/28/2025, 6:49:01 AM MST [Modules] Streaming discord_utils@1 to /home/aaron/.config/discord/0.0.102/modules/pending/discord_utils-1.zip: 12%
7/28/2025, 6:49:01 AM MST [Modules] Streaming discord_utils@1 to /home/aaron/.config/discord/0.0.102/modules/pending/discord_utils-1.zip: 18%
7/28/2025, 6:49:01 AM MST [Modules] Streaming discord_utils@1 to /home/aaron/.config/discord/0.0.102/modules/pending/discord_utils-1.zip: 21%
7/28/2025, 6:49:01 AM MST [Modules] Streaming discord_utils@1 to /home/aaron/.config/discord/0.0.102/modules/pending/discord_utils-1.zip: 23%
7/28/2025, 6:49:01 AM MST [Modules] Streaming discord_utils@1 to /home/aaron/.config/discord/0.0.102/modules/pending/discord_utils-1.zip: 24%
7/28/2025, 6:49:01 AM MST [Modules] Streaming discord_utils@1 to /home/aaron/.config/discord/0.0.102/modules/pending/discord_utils-1.zip: 27%
7/28/2025, 6:49:01 AM MST [Modules] Streaming discord_utils@1 to /home/aaron/.config/discord/0.0.102/modules/pending/discord_utils-1.zip: 30%
7/28/2025, 6:49:01 AM MST [Modules] Streaming discord_utils@1 to /home/aaron/.config/discord/0.0.102/modules/pending/discord_utils-1.zip: 34%
7/28/2025, 6:49:01 AM MST [Modules] Streaming discord_utils@1 to /home/aaron/.config/discord/0.0.102/modules/pending/discord_utils-1.zip: 37%
7/28/2025, 6:49:01 AM MST [Modules] Streaming discord_utils@1 to /home/aaron/.config/discord/0.0.102/modules/pending/discord_utils-1.zip: 40%
7/28/2025, 6:49:01 AM MST [Modules] Streaming discord_utils@1 to /home/aaron/.config/discord/0.0.102/modules/pending/discord_utils-1.zip: 43%
7/28/2025, 6:49:01 AM MST [Modules] Streaming discord_utils@1 to /home/aaron/.config/discord/0.0.102/modules/pending/discord_utils-1.zip: 50%
7/28/2025, 6:49:01 AM MST [Modules] Streaming discord_utils@1 to /home/aaron/.config/discord/0.0.102/modules/pending/discord_utils-1.zip: 51%
7/28/2025, 6:49:01 AM MST [Modules] Streaming discord_utils@1 to /home/aaron/.config/discord/0.0.102/modules/pending/discord_utils-1.zip: 59%
7/28/2025, 6:49:01 AM MST [Modules] Streaming discord_utils@1 to /home/aaron/.config/discord/0.0.102/modules/pending/discord_utils-1.zip: 72%
7/28/2025, 6:49:01 AM MST [Modules] Streaming discord_utils@1 to /home/aaron/.config/discord/0.0.102/modules/pending/discord_utils-1.zip: 81%
7/28/2025, 6:49:01 AM MST [Modules] Streaming discord_utils@1 to /home/aaron/.config/discord/0.0.102/modules/pending/discord_utils-1.zip: 86%
7/28/2025, 6:49:01 AM MST [Modules] Streaming discord_utils@1 to /home/aaron/.config/discord/0.0.102/modules/pending/discord_utils-1.zip: 97%
7/28/2025, 6:49:01 AM MST [Modules] Streaming discord_utils@1 to /home/aaron/.config/discord/0.0.102/modules/pending/discord_utils-1.zip: 100%
7/28/2025, 6:49:01 AM MST [Modules] Fetching discord_voice@2 from https://discord.com/api/modules/stable/discord_voice/2
7/28/2025, 6:49:01 AM MST [Modules] Streaming discord_voice@2 to /home/aaron/.config/discord/0.0.102/modules/pending/discord_voice-2.zip
7/28/2025, 6:49:01 AM MST [Modules] Streaming discord_voice@2 to /home/aaron/.config/discord/0.0.102/modules/pending/discord_voice-2.zip: 1%
7/28/2025, 6:49:01 AM MST [Modules] Streaming discord_voice@2 to /home/aaron/.config/discord/0.0.102/modules/pending/discord_voice-2.zip: 2%
7/28/2025, 6:49:01 AM MST [Modules] Streaming discord_voice@2 to /home/aaron/.config/discord/0.0.102/modules/pending/discord_voice-2.zip: 3%
7/28/2025, 6:49:01 AM MST [Modules] Streaming discord_voice@2 to /home/aaron/.config/discord/0.0.102/modules/pending/discord_voice-2.zip: 4%
7/28/2025, 6:49:01 AM MST [Modules] Streaming discord_voice@2 to /home/aaron/.config/discord/0.0.102/modules/pending/discord_voice-2.zip: 5%
7/28/2025, 6:49:01 AM MST [Modules] Streaming discord_voice@2 to /home/aaron/.config/discord/0.0.102/modules/pending/discord_voice-2.zip: 6%
7/28/2025, 6:49:01 AM MST [Modules] Streaming discord_voice@2 to /home/aaron/.config/discord/0.0.102/modules/pending/discord_voice-2.zip: 7%
7/28/2025, 6:49:01 AM MST [Modules] Streaming discord_voice@2 to /home/aaron/.config/discord/0.0.102/modules/pending/discord_voice-2.zip: 8%
7/28/2025, 6:49:01 AM MST [Modules] Streaming discord_voice@2 to /home/aaron/.config/discord/0.0.102/modules/pending/discord_voice-2.zip: 10%
7/28/2025, 6:49:01 AM MST [Modules] Streaming discord_voice@2 to /home/aaron/.config/discord/0.0.102/modules/pending/discord_voice-2.zip: 11%
7/28/2025, 6:49:01 AM MST [Modules] Streaming discord_voice@2 to /home/aaron/.config/discord/0.0.102/modules/pending/discord_voice-2.zip: 13%
7/28/2025, 6:49:01 AM MST [Modules] Streaming discord_voice@2 to /home/aaron/.config/discord/0.0.102/modules/pending/discord_voice-2.zip: 14%
7/28/2025, 6:49:01 AM MST [Modules] Streaming discord_voice@2 to /home/aaron/.config/discord/0.0.102/modules/pending/discord_voice-2.zip: 15%
7/28/2025, 6:49:01 AM MST [Modules] Streaming discord_voice@2 to /home/aaron/.config/discord/0.0.102/modules/pending/discord_voice-2.zip: 16%
7/28/2025, 6:49:01 AM MST [Modules] Streaming discord_voice@2 to /home/aaron/.config/discord/0.0.102/modules/pending/discord_voice-2.zip: 17%
7/28/2025, 6:49:01 AM MST [Modules] Streaming discord_voice@2 to /home/aaron/.config/discord/0.0.102/modules/pending/discord_voice-2.zip: 18%
7/28/2025, 6:49:01 AM MST [Modules] Streaming discord_voice@2 to /home/aaron/.config/discord/0.0.102/modules/pending/discord_voice-2.zip: 19%
7/28/2025, 6:49:01 AM MST [Modules] Streaming discord_voice@2 to /home/aaron/.config/discord/0.0.102/modules/pending/discord_voice-2.zip: 20%
7/28/2025, 6:49:01 AM MST [Modules] Streaming discord_voice@2 to /home/aaron/.config/discord/0.0.102/modules/pending/discord_voice-2.zip: 22%
7/28/2025, 6:49:01 AM MST [Modules] Streaming discord_voice@2 to /home/aaron/.config/discord/0.0.102/modules/pending/discord_voice-2.zip: 24%
7/28/2025, 6:49:01 AM MST [Modules] Streaming discord_voice@2 to /home/aaron/.config/discord/0.0.102/modules/pending/discord_voice-2.zip: 25%
7/28/2025, 6:49:01 AM MST [Modules] Streaming discord_voice@2 to /home/aaron/.config/discord/0.0.102/modules/pending/discord_voice-2.zip: 26%
7/28/2025, 6:49:01 AM MST [Modules] Streaming discord_voice@2 to /home/aaron/.config/discord/0.0.102/modules/pending/discord_voice-2.zip: 27%
7/28/2025, 6:49:01 AM MST [Modules] Streaming discord_voice@2 to /home/aaron/.config/discord/0.0.102/modules/pending/discord_voice-2.zip: 28%
7/28/2025, 6:49:01 AM MST [Modules] Streaming discord_voice@2 to /home/aaron/.config/discord/0.0.102/modules/pending/discord_voice-2.zip: 29%
7/28/2025, 6:49:01 AM MST [Modules] Streaming discord_voice@2 to /home/aaron/.config/discord/0.0.102/modules/pending/discord_voice-2.zip: 30%
7/28/2025, 6:49:01 AM MST [Modules] Streaming discord_voice@2 to /home/aaron/.config/discord/0.0.102/modules/pending/discord_voice-2.zip: 31%
7/28/2025, 6:49:01 AM MST [Modules] Streaming discord_voice@2 to /home/aaron/.config/discord/0.0.102/modules/pending/discord_voice-2.zip: 32%
7/28/2025, 6:49:01 AM MST [Modules] Streaming discord_voice@2 to /home/aaron/.config/discord/0.0.102/modules/pending/discord_voice-2.zip: 33%
7/28/2025, 6:49:01 AM MST [Modules] Streaming discord_voice@2 to /home/aaron/.config/discord/0.0.102/modules/pending/discord_voice-2.zip: 34%
7/28/2025, 6:49:01 AM MST [Modules] Streaming discord_voice@2 to /home/aaron/.config/discord/0.0.102/modules/pending/discord_voice-2.zip: 35%
7/28/2025, 6:49:01 AM MST [Modules] Streaming discord_voice@2 to /home/aaron/.config/discord/0.0.102/modules/pending/discord_voice-2.zip: 36%
7/28/2025, 6:49:01 AM MST [Modules] Streaming discord_voice@2 to /home/aaron/.config/discord/0.0.102/modules/pending/discord_voice-2.zip: 37%
7/28/2025, 6:49:01 AM MST [Modules] Streaming discord_voice@2 to /home/aaron/.config/discord/0.0.102/modules/pending/discord_voice-2.zip: 38%
7/28/2025, 6:49:01 AM MST [Modules] Streaming discord_voice@2 to /home/aaron/.config/discord/0.0.102/modules/pending/discord_voice-2.zip: 39%
7/28/2025, 6:49:01 AM MST [Modules] Streaming discord_voice@2 to /home/aaron/.config/discord/0.0.102/modules/pending/discord_voice-2.zip: 40%
7/28/2025, 6:49:01 AM MST [Modules] Streaming discord_voice@2 to /home/aaron/.config/discord/0.0.102/modules/pending/discord_voice-2.zip: 41%
7/28/2025, 6:49:01 AM MST [Modules] Streaming discord_voice@2 to /home/aaron/.config/discord/0.0.102/modules/pending/discord_voice-2.zip: 44%
7/28/2025, 6:49:01 AM MST [Modules] Streaming discord_voice@2 to /home/aaron/.config/discord/0.0.102/modules/pending/discord_voice-2.zip: 47%
7/28/2025, 6:49:01 AM MST [Modules] Streaming discord_voice@2 to /home/aaron/.config/discord/0.0.102/modules/pending/discord_voice-2.zip: 48%
7/28/2025, 6:49:01 AM MST [Modules] Streaming discord_voice@2 to /home/aaron/.config/discord/0.0.102/modules/pending/discord_voice-2.zip: 49%
7/28/2025, 6:49:01 AM MST [Modules] Streaming discord_voice@2 to /home/aaron/.config/discord/0.0.102/modules/pending/discord_voice-2.zip: 50%
7/28/2025, 6:49:01 AM MST [Modules] Streaming discord_voice@2 to /home/aaron/.config/discord/0.0.102/modules/pending/discord_voice-2.zip: 51%
7/28/2025, 6:49:02 AM MST [Modules] Streaming discord_voice@2 to /home/aaron/.config/discord/0.0.102/modules/pending/discord_voice-2.zip: 52%
7/28/2025, 6:49:02 AM MST [Modules] Streaming discord_voice@2 to /home/aaron/.config/discord/0.0.102/modules/pending/discord_voice-2.zip: 54%
7/28/2025, 6:49:02 AM MST [Modules] Streaming discord_voice@2 to /home/aaron/.config/discord/0.0.102/modules/pending/discord_voice-2.zip: 55%
7/28/2025, 6:49:02 AM MST [Modules] Streaming discord_voice@2 to /home/aaron/.config/discord/0.0.102/modules/pending/discord_voice-2.zip: 57%
7/28/2025, 6:49:02 AM MST [Modules] Streaming discord_voice@2 to /home/aaron/.config/discord/0.0.102/modules/pending/discord_voice-2.zip: 59%
7/28/2025, 6:49:02 AM MST [Modules] Streaming discord_voice@2 to /home/aaron/.config/discord/0.0.102/modules/pending/discord_voice-2.zip: 63%
7/28/2025, 6:49:02 AM MST [Modules] Streaming discord_voice@2 to /home/aaron/.config/discord/0.0.102/modules/pending/discord_voice-2.zip: 66%
7/28/2025, 6:49:02 AM MST [Modules] Streaming discord_voice@2 to /home/aaron/.config/discord/0.0.102/modules/pending/discord_voice-2.zip: 69%
7/28/2025, 6:49:02 AM MST [Modules] Streaming discord_voice@2 to /home/aaron/.config/discord/0.0.102/modules/pending/discord_voice-2.zip: 70%
7/28/2025, 6:49:02 AM MST [Modules] Streaming discord_voice@2 to /home/aaron/.config/discord/0.0.102/modules/pending/discord_voice-2.zip: 71%
7/28/2025, 6:49:02 AM MST [Modules] Streaming discord_voice@2 to /home/aaron/.config/discord/0.0.102/modules/pending/discord_voice-2.zip: 72%
7/28/2025, 6:49:02 AM MST [Modules] Streaming discord_voice@2 to /home/aaron/.config/discord/0.0.102/modules/pending/discord_voice-2.zip: 73%
7/28/2025, 6:49:02 AM MST [Modules] Streaming discord_voice@2 to /home/aaron/.config/discord/0.0.102/modules/pending/discord_voice-2.zip: 74%
7/28/2025, 6:49:02 AM MST [Modules] Streaming discord_voice@2 to /home/aaron/.config/discord/0.0.102/modules/pending/discord_voice-2.zip: 75%
7/28/2025, 6:49:02 AM MST [Modules] Streaming discord_voice@2 to /home/aaron/.config/discord/0.0.102/modules/pending/discord_voice-2.zip: 76%
7/28/2025, 6:49:02 AM MST [Modules] Streaming discord_voice@2 to /home/aaron/.config/discord/0.0.102/modules/pending/discord_voice-2.zip: 77%
7/28/2025, 6:49:02 AM MST [Modules] Streaming discord_voice@2 to /home/aaron/.config/discord/0.0.102/modules/pending/discord_voice-2.zip: 79%
7/28/2025, 6:49:02 AM MST [Modules] Streaming discord_voice@2 to /home/aaron/.config/discord/0.0.102/modules/pending/discord_voice-2.zip: 81%
7/28/2025, 6:49:02 AM MST [Modules] Streaming discord_voice@2 to /home/aaron/.config/discord/0.0.102/modules/pending/discord_voice-2.zip: 82%
7/28/2025, 6:49:02 AM MST [Modules] Streaming discord_voice@2 to /home/aaron/.config/discord/0.0.102/modules/pending/discord_voice-2.zip: 83%
7/28/2025, 6:49:02 AM MST [Modules] Streaming discord_voice@2 to /home/aaron/.config/discord/0.0.102/modules/pending/discord_voice-2.zip: 85%
7/28/2025, 6:49:02 AM MST [Modules] Streaming discord_voice@2 to /home/aaron/.config/discord/0.0.102/modules/pending/discord_voice-2.zip: 86%
7/28/2025, 6:49:02 AM MST [Modules] Streaming discord_voice@2 to /home/aaron/.config/discord/0.0.102/modules/pending/discord_voice-2.zip: 87%
7/28/2025, 6:49:02 AM MST [Modules] Streaming discord_voice@2 to /home/aaron/.config/discord/0.0.102/modules/pending/discord_voice-2.zip: 88%
7/28/2025, 6:49:02 AM MST [Modules] Streaming discord_voice@2 to /home/aaron/.config/discord/0.0.102/modules/pending/discord_voice-2.zip: 89%
7/28/2025, 6:49:02 AM MST [Modules] Streaming discord_voice@2 to /home/aaron/.config/discord/0.0.102/modules/pending/discord_voice-2.zip: 90%
7/28/2025, 6:49:02 AM MST [Modules] Streaming discord_voice@2 to /home/aaron/.config/discord/0.0.102/modules/pending/discord_voice-2.zip: 91%
7/28/2025, 6:49:02 AM MST [Modules] Streaming discord_voice@2 to /home/aaron/.config/discord/0.0.102/modules/pending/discord_voice-2.zip: 92%
7/28/2025, 6:49:02 AM MST [Modules] Streaming discord_voice@2 to /home/aaron/.config/discord/0.0.102/modules/pending/discord_voice-2.zip: 93%
7/28/2025, 6:49:02 AM MST [Modules] Streaming discord_voice@2 to /home/aaron/.config/discord/0.0.102/modules/pending/discord_voice-2.zip: 97%
7/28/2025, 6:49:02 AM MST [Modules] Streaming discord_voice@2 to /home/aaron/.config/discord/0.0.102/modules/pending/discord_voice-2.zip: 99%
7/28/2025, 6:49:02 AM MST [Modules] Streaming discord_voice@2 to /home/aaron/.config/discord/0.0.102/modules/pending/discord_voice-2.zip: 100%
7/28/2025, 6:49:02 AM MST [Modules] Fetching discord_zstd@1 from https://discord.com/api/modules/stable/discord_zstd/1
7/28/2025, 6:49:02 AM MST [Modules] Streaming discord_zstd@1 to /home/aaron/.config/discord/0.0.102/modules/pending/discord_zstd-1.zip
7/28/2025, 6:49:02 AM MST [Modules] Streaming discord_zstd@1 to /home/aaron/.config/discord/0.0.102/modules/pending/discord_zstd-1.zip: 10%
7/28/2025, 6:49:02 AM MST [Modules] Streaming discord_zstd@1 to /home/aaron/.config/discord/0.0.102/modules/pending/discord_zstd-1.zip: 38%
7/28/2025, 6:49:02 AM MST [Modules] Streaming discord_zstd@1 to /home/aaron/.config/discord/0.0.102/modules/pending/discord_zstd-1.zip: 69%
7/28/2025, 6:49:02 AM MST [Modules] Streaming discord_zstd@1 to /home/aaron/.config/discord/0.0.102/modules/pending/discord_zstd-1.zip: 96%
7/28/2025, 6:49:02 AM MST [Modules] Streaming discord_zstd@1 to /home/aaron/.config/discord/0.0.102/modules/pending/discord_zstd-1.zip: 98%
7/28/2025, 6:49:02 AM MST [Modules] Streaming discord_zstd@1 to /home/aaron/.config/discord/0.0.102/modules/pending/discord_zstd-1.zip: 100%
7/28/2025, 6:49:02 AM MST [Modules] Finished module downloads. [success: 6] [failure: 0]
7/28/2025, 6:49:02 AM MST [Modules] Installing updates...
7/28/2025, 6:49:02 AM MST [Modules] Installing discord_desktop_core@2 from /home/aaron/.config/discord/0.0.102/modules/pending/discord_desktop_core-2.zip
7/28/2025, 6:49:02 AM MST [Modules] Installing discord_erlpack@1 from /home/aaron/.config/discord/0.0.102/modules/pending/discord_erlpack-1.zip
7/28/2025, 6:49:02 AM MST [Modules] Installing discord_spellcheck@1 from /home/aaron/.config/discord/0.0.102/modules/pending/discord_spellcheck-1.zip
7/28/2025, 6:49:04 AM MST [Modules] Installing discord_utils@1 from /home/aaron/.config/discord/0.0.102/modules/pending/discord_utils-1.zip
7/28/2025, 6:49:04 AM MST [Modules] Installing discord_voice@2 from /home/aaron/.config/discord/0.0.102/modules/pending/discord_voice-2.zip
7/28/2025, 6:49:05 AM MST [Modules] Installing discord_zstd@1 from /home/aaron/.config/discord/0.0.102/modules/pending/discord_zstd-1.zip
7/28/2025, 6:49:05 AM MST [Modules] Finished module installations. [success: 6] [failure: 0]
7/28/2025, 6:49:05 AM MST [Modules] Host is up to date.
7/28/2025, 6:49:05 AM MST [Modules] Checking for module updates at https://discord.com/api/modules/stable/versions.json
7/28/2025, 6:49:05 AM MST [Modules] No module updates available.
7/28/2025, 6:49:08 AM MST [Modules] Starting to install discord_krisp...
7/28/2025, 6:49:08 AM MST [Modules] Fetching discord_krisp@1 from https://discord.com/api/modules/stable/discord_krisp/1
7/28/2025, 6:49:08 AM MST [Modules] Streaming discord_krisp@1 to /home/aaron/.config/discord/0.0.102/modules/pending/discord_krisp-1.zip
7/28/2025, 6:49:08 AM MST [Modules] Starting to install discord_game_utils...
7/28/2025, 6:49:08 AM MST [Modules] Streaming discord_krisp@1 to /home/aaron/.config/discord/0.0.102/modules/pending/discord_krisp-1.zip: 1%
7/28/2025, 6:49:08 AM MST [Modules] Streaming discord_krisp@1 to /home/aaron/.config/discord/0.0.102/modules/pending/discord_krisp-1.zip: 4%
7/28/2025, 6:49:08 AM MST [Modules] Streaming discord_krisp@1 to /home/aaron/.config/discord/0.0.102/modules/pending/discord_krisp-1.zip: 5%
7/28/2025, 6:49:08 AM MST [Modules] Streaming discord_krisp@1 to /home/aaron/.config/discord/0.0.102/modules/pending/discord_krisp-1.zip: 6%
7/28/2025, 6:49:08 AM MST [Modules] Streaming discord_krisp@1 to /home/aaron/.config/discord/0.0.102/modules/pending/discord_krisp-1.zip: 7%
7/28/2025, 6:49:08 AM MST [Modules] Streaming discord_krisp@1 to /home/aaron/.config/discord/0.0.102/modules/pending/discord_krisp-1.zip: 8%
7/28/2025, 6:49:08 AM MST [Modules] Streaming discord_krisp@1 to /home/aaron/.config/discord/0.0.102/modules/pending/discord_krisp-1.zip: 9%
7/28/2025, 6:49:08 AM MST [Modules] Streaming discord_krisp@1 to /home/aaron/.config/discord/0.0.102/modules/pending/discord_krisp-1.zip: 10%
7/28/2025, 6:49:08 AM MST [Modules] Streaming discord_krisp@1 to /home/aaron/.config/discord/0.0.102/modules/pending/discord_krisp-1.zip: 11%
7/28/2025, 6:49:08 AM MST [Modules] Streaming discord_krisp@1 to /home/aaron/.config/discord/0.0.102/modules/pending/discord_krisp-1.zip: 12%
7/28/2025, 6:49:08 AM MST [Modules] Streaming discord_krisp@1 to /home/aaron/.config/discord/0.0.102/modules/pending/discord_krisp-1.zip: 13%
7/28/2025, 6:49:08 AM MST [Modules] Streaming discord_krisp@1 to /home/aaron/.config/discord/0.0.102/modules/pending/discord_krisp-1.zip: 14%
7/28/2025, 6:49:08 AM MST [Modules] Streaming discord_krisp@1 to /home/aaron/.config/discord/0.0.102/modules/pending/discord_krisp-1.zip: 15%
7/28/2025, 6:49:08 AM MST [Modules] Streaming discord_krisp@1 to /home/aaron/.config/discord/0.0.102/modules/pending/discord_krisp-1.zip: 16%
7/28/2025, 6:49:08 AM MST [Modules] Streaming discord_krisp@1 to /home/aaron/.config/discord/0.0.102/modules/pending/discord_krisp-1.zip: 17%
7/28/2025, 6:49:08 AM MST [Modules] Streaming discord_krisp@1 to /home/aaron/.config/discord/0.0.102/modules/pending/discord_krisp-1.zip: 18%
7/28/2025, 6:49:08 AM MST [Modules] Streaming discord_krisp@1 to /home/aaron/.config/discord/0.0.102/modules/pending/discord_krisp-1.zip: 19%
7/28/2025, 6:49:08 AM MST [Modules] Streaming discord_krisp@1 to /home/aaron/.config/discord/0.0.102/modules/pending/discord_krisp-1.zip: 20%
7/28/2025, 6:49:08 AM MST [Modules] Streaming discord_krisp@1 to /home/aaron/.config/discord/0.0.102/modules/pending/discord_krisp-1.zip: 21%
7/28/2025, 6:49:08 AM MST [Modules] Streaming discord_krisp@1 to /home/aaron/.config/discord/0.0.102/modules/pending/discord_krisp-1.zip: 22%
7/28/2025, 6:49:08 AM MST [Modules] Streaming discord_krisp@1 to /home/aaron/.config/discord/0.0.102/modules/pending/discord_krisp-1.zip: 23%
7/28/2025, 6:49:08 AM MST [Modules] Streaming discord_krisp@1 to /home/aaron/.config/discord/0.0.102/modules/pending/discord_krisp-1.zip: 24%
7/28/2025, 6:49:08 AM MST [Modules] Streaming discord_krisp@1 to /home/aaron/.config/discord/0.0.102/modules/pending/discord_krisp-1.zip: 25%
7/28/2025, 6:49:08 AM MST [Modules] Streaming discord_krisp@1 to /home/aaron/.config/discord/0.0.102/modules/pending/discord_krisp-1.zip: 26%
7/28/2025, 6:49:08 AM MST [Modules] Streaming discord_krisp@1 to /home/aaron/.config/discord/0.0.102/modules/pending/discord_krisp-1.zip: 27%
7/28/2025, 6:49:08 AM MST [Modules] Streaming discord_krisp@1 to /home/aaron/.config/discord/0.0.102/modules/pending/discord_krisp-1.zip: 28%
7/28/2025, 6:49:08 AM MST [Modules] Streaming discord_krisp@1 to /home/aaron/.config/discord/0.0.102/modules/pending/discord_krisp-1.zip: 29%
7/28/2025, 6:49:08 AM MST [Modules] Streaming discord_krisp@1 to /home/aaron/.config/discord/0.0.102/modules/pending/discord_krisp-1.zip: 30%
7/28/2025, 6:49:08 AM MST [Modules] Streaming discord_krisp@1 to /home/aaron/.config/discord/0.0.102/modules/pending/discord_krisp-1.zip: 31%
7/28/2025, 6:49:09 AM MST [Modules] Streaming discord_krisp@1 to /home/aaron/.config/discord/0.0.102/modules/pending/discord_krisp-1.zip: 32%
7/28/2025, 6:49:09 AM MST [Modules] Streaming discord_krisp@1 to /home/aaron/.config/discord/0.0.102/modules/pending/discord_krisp-1.zip: 33%
7/28/2025, 6:49:09 AM MST [Modules] Streaming discord_krisp@1 to /home/aaron/.config/discord/0.0.102/modules/pending/discord_krisp-1.zip: 34%
7/28/2025, 6:49:09 AM MST [Modules] Streaming discord_krisp@1 to /home/aaron/.config/discord/0.0.102/modules/pending/discord_krisp-1.zip: 35%
7/28/2025, 6:49:09 AM MST [Modules] Streaming discord_krisp@1 to /home/aaron/.config/discord/0.0.102/modules/pending/discord_krisp-1.zip: 36%
7/28/2025, 6:49:09 AM MST [Modules] Streaming discord_krisp@1 to /home/aaron/.config/discord/0.0.102/modules/pending/discord_krisp-1.zip: 38%
7/28/2025, 6:49:09 AM MST [Modules] Streaming discord_krisp@1 to /home/aaron/.config/discord/0.0.102/modules/pending/discord_krisp-1.zip: 39%
7/28/2025, 6:49:09 AM MST [Modules] Streaming discord_krisp@1 to /home/aaron/.config/discord/0.0.102/modules/pending/discord_krisp-1.zip: 40%
7/28/2025, 6:49:09 AM MST [Modules] Streaming discord_krisp@1 to /home/aaron/.config/discord/0.0.102/modules/pending/discord_krisp-1.zip: 41%
7/28/2025, 6:49:09 AM MST [Modules] Streaming discord_krisp@1 to /home/aaron/.config/discord/0.0.102/modules/pending/discord_krisp-1.zip: 42%
7/28/2025, 6:49:09 AM MST [Modules] Streaming discord_krisp@1 to /home/aaron/.config/discord/0.0.102/modules/pending/discord_krisp-1.zip: 43%
7/28/2025, 6:49:09 AM MST [Modules] Streaming discord_krisp@1 to /home/aaron/.config/discord/0.0.102/modules/pending/discord_krisp-1.zip: 44%
7/28/2025, 6:49:09 AM MST [Modules] Streaming discord_krisp@1 to /home/aaron/.config/discord/0.0.102/modules/pending/discord_krisp-1.zip: 45%
7/28/2025, 6:49:09 AM MST [Modules] Streaming discord_krisp@1 to /home/aaron/.config/discord/0.0.102/modules/pending/discord_krisp-1.zip: 46%
7/28/2025, 6:49:09 AM MST [Modules] Streaming discord_krisp@1 to /home/aaron/.config/discord/0.0.102/modules/pending/discord_krisp-1.zip: 47%
7/28/2025, 6:49:09 AM MST [Modules] Streaming discord_krisp@1 to /home/aaron/.config/discord/0.0.102/modules/pending/discord_krisp-1.zip: 48%
7/28/2025, 6:49:09 AM MST [Modules] Streaming discord_krisp@1 to /home/aaron/.config/discord/0.0.102/modules/pending/discord_krisp-1.zip: 49%
7/28/2025, 6:49:09 AM MST [Modules] Streaming discord_krisp@1 to /home/aaron/.config/discord/0.0.102/modules/pending/discord_krisp-1.zip: 50%
7/28/2025, 6:49:09 AM MST [Modules] Streaming discord_krisp@1 to /home/aaron/.config/discord/0.0.102/modules/pending/discord_krisp-1.zip: 51%
7/28/2025, 6:49:09 AM MST [Modules] Streaming discord_krisp@1 to /home/aaron/.config/discord/0.0.102/modules/pending/discord_krisp-1.zip: 52%
7/28/2025, 6:49:09 AM MST [Modules] Streaming discord_krisp@1 to /home/aaron/.config/discord/0.0.102/modules/pending/discord_krisp-1.zip: 53%
7/28/2025, 6:49:09 AM MST [Modules] Streaming discord_krisp@1 to /home/aaron/.config/discord/0.0.102/modules/pending/discord_krisp-1.zip: 54%
7/28/2025, 6:49:09 AM MST [Modules] Streaming discord_krisp@1 to /home/aaron/.config/discord/0.0.102/modules/pending/discord_krisp-1.zip: 55%
7/28/2025, 6:49:09 AM MST [Modules] Streaming discord_krisp@1 to /home/aaron/.config/discord/0.0.102/modules/pending/discord_krisp-1.zip: 56%
7/28/2025, 6:49:09 AM MST [Modules] Streaming discord_krisp@1 to /home/aaron/.config/discord/0.0.102/modules/pending/discord_krisp-1.zip: 57%
7/28/2025, 6:49:09 AM MST [Modules] Streaming discord_krisp@1 to /home/aaron/.config/discord/0.0.102/modules/pending/discord_krisp-1.zip: 58%
7/28/2025, 6:49:09 AM MST [Modules] Streaming discord_krisp@1 to /home/aaron/.config/discord/0.0.102/modules/pending/discord_krisp-1.zip: 59%
7/28/2025, 6:49:09 AM MST [Modules] Streaming discord_krisp@1 to /home/aaron/.config/discord/0.0.102/modules/pending/discord_krisp-1.zip: 60%
7/28/2025, 6:49:09 AM MST [Modules] Streaming discord_krisp@1 to /home/aaron/.config/discord/0.0.102/modules/pending/discord_krisp-1.zip: 61%
7/28/2025, 6:49:09 AM MST [Modules] Streaming discord_krisp@1 to /home/aaron/.config/discord/0.0.102/modules/pending/discord_krisp-1.zip: 62%
7/28/2025, 6:49:09 AM MST [Modules] Streaming discord_krisp@1 to /home/aaron/.config/discord/0.0.102/modules/pending/discord_krisp-1.zip: 63%
7/28/2025, 6:49:09 AM MST [Modules] Streaming discord_krisp@1 to /home/aaron/.config/discord/0.0.102/modules/pending/discord_krisp-1.zip: 64%
7/28/2025, 6:49:09 AM MST [Modules] Streaming discord_krisp@1 to /home/aaron/.config/discord/0.0.102/modules/pending/discord_krisp-1.zip: 65%
7/28/2025, 6:49:09 AM MST [Modules] Streaming discord_krisp@1 to /home/aaron/.config/discord/0.0.102/modules/pending/discord_krisp-1.zip: 66%
7/28/2025, 6:49:09 AM MST [Modules] Streaming discord_krisp@1 to /home/aaron/.config/discord/0.0.102/modules/pending/discord_krisp-1.zip: 67%
7/28/2025, 6:49:09 AM MST [Modules] Streaming discord_krisp@1 to /home/aaron/.config/discord/0.0.102/modules/pending/discord_krisp-1.zip: 68%
7/28/2025, 6:49:09 AM MST [Modules] Streaming discord_krisp@1 to /home/aaron/.config/discord/0.0.102/modules/pending/discord_krisp-1.zip: 69%
7/28/2025, 6:49:09 AM MST [Modules] Streaming discord_krisp@1 to /home/aaron/.config/discord/0.0.102/modules/pending/discord_krisp-1.zip: 70%
7/28/2025, 6:49:09 AM MST [Modules] Streaming discord_krisp@1 to /home/aaron/.config/discord/0.0.102/modules/pending/discord_krisp-1.zip: 71%
7/28/2025, 6:49:09 AM MST [Modules] Streaming discord_krisp@1 to /home/aaron/.config/discord/0.0.102/modules/pending/discord_krisp-1.zip: 73%
7/28/2025, 6:49:09 AM MST [Modules] Streaming discord_krisp@1 to /home/aaron/.config/discord/0.0.102/modules/pending/discord_krisp-1.zip: 74%
7/28/2025, 6:49:09 AM MST [Modules] Streaming discord_krisp@1 to /home/aaron/.config/discord/0.0.102/modules/pending/discord_krisp-1.zip: 75%
7/28/2025, 6:49:09 AM MST [Modules] Streaming discord_krisp@1 to /home/aaron/.config/discord/0.0.102/modules/pending/discord_krisp-1.zip: 76%
7/28/2025, 6:49:09 AM MST [Modules] Streaming discord_krisp@1 to /home/aaron/.config/discord/0.0.102/modules/pending/discord_krisp-1.zip: 77%
7/28/2025, 6:49:09 AM MST [Modules] Streaming discord_krisp@1 to /home/aaron/.config/discord/0.0.102/modules/pending/discord_krisp-1.zip: 78%
7/28/2025, 6:49:09 AM MST [Modules] Streaming discord_krisp@1 to /home/aaron/.config/discord/0.0.102/modules/pending/discord_krisp-1.zip: 79%
7/28/2025, 6:49:09 AM MST [Modules] Streaming discord_krisp@1 to /home/aaron/.config/discord/0.0.102/modules/pending/discord_krisp-1.zip: 80%
7/28/2025, 6:49:09 AM MST [Modules] Streaming discord_krisp@1 to /home/aaron/.config/discord/0.0.102/modules/pending/discord_krisp-1.zip: 81%
7/28/2025, 6:49:09 AM MST [Modules] Streaming discord_krisp@1 to /home/aaron/.config/discord/0.0.102/modules/pending/discord_krisp-1.zip: 82%
7/28/2025, 6:49:09 AM MST [Modules] Streaming discord_krisp@1 to /home/aaron/.config/discord/0.0.102/modules/pending/discord_krisp-1.zip: 83%
7/28/2025, 6:49:09 AM MST [Modules] Streaming discord_krisp@1 to /home/aaron/.config/discord/0.0.102/modules/pending/discord_krisp-1.zip: 84%
7/28/2025, 6:49:09 AM MST [Modules] Streaming discord_krisp@1 to /home/aaron/.config/discord/0.0.102/modules/pending/discord_krisp-1.zip: 85%
7/28/2025, 6:49:09 AM MST [Modules] Streaming discord_krisp@1 to /home/aaron/.config/discord/0.0.102/modules/pending/discord_krisp-1.zip: 86%
7/28/2025, 6:49:09 AM MST [Modules] Streaming discord_krisp@1 to /home/aaron/.config/discord/0.0.102/modules/pending/discord_krisp-1.zip: 87%
7/28/2025, 6:49:09 AM MST [Modules] Streaming discord_krisp@1 to /home/aaron/.config/discord/0.0.102/modules/pending/discord_krisp-1.zip: 88%
7/28/2025, 6:49:09 AM MST [Modules] Streaming discord_krisp@1 to /home/aaron/.config/discord/0.0.102/modules/pending/discord_krisp-1.zip: 89%
7/28/2025, 6:49:09 AM MST [Modules] Streaming discord_krisp@1 to /home/aaron/.config/discord/0.0.102/modules/pending/discord_krisp-1.zip: 90%
7/28/2025, 6:49:09 AM MST [Modules] Streaming discord_krisp@1 to /home/aaron/.config/discord/0.0.102/modules/pending/discord_krisp-1.zip: 91%
7/28/2025, 6:49:09 AM MST [Modules] Streaming discord_krisp@1 to /home/aaron/.config/discord/0.0.102/modules/pending/discord_krisp-1.zip: 92%
7/28/2025, 6:49:09 AM MST [Modules] Streaming discord_krisp@1 to /home/aaron/.config/discord/0.0.102/modules/pending/discord_krisp-1.zip: 93%
7/28/2025, 6:49:09 AM MST [Modules] Streaming discord_krisp@1 to /home/aaron/.config/discord/0.0.102/modules/pending/discord_krisp-1.zip: 94%
7/28/2025, 6:49:09 AM MST [Modules] Streaming discord_krisp@1 to /home/aaron/.config/discord/0.0.102/modules/pending/discord_krisp-1.zip: 95%
7/28/2025, 6:49:09 AM MST [Modules] Streaming discord_krisp@1 to /home/aaron/.config/discord/0.0.102/modules/pending/discord_krisp-1.zip: 96%
7/28/2025, 6:49:09 AM MST [Modules] Streaming discord_krisp@1 to /home/aaron/.config/discord/0.0.102/modules/pending/discord_krisp-1.zip: 97%
7/28/2025, 6:49:09 AM MST [Modules] Streaming discord_krisp@1 to /home/aaron/.config/discord/0.0.102/modules/pending/discord_krisp-1.zip: 98%
7/28/2025, 6:49:09 AM MST [Modules] Streaming discord_krisp@1 to /home/aaron/.config/discord/0.0.102/modules/pending/discord_krisp-1.zip: 99%
7/28/2025, 6:49:09 AM MST [Modules] Streaming discord_krisp@1 to /home/aaron/.config/discord/0.0.102/modules/pending/discord_krisp-1.zip: 100%
7/28/2025, 6:49:09 AM MST [Modules] Fetching discord_game_utils@1 from https://discord.com/api/modules/stable/discord_game_utils/1
7/28/2025, 6:49:09 AM MST [Modules] Streaming discord_game_utils@1 to /home/aaron/.config/discord/0.0.102/modules/pending/discord_game_utils-1.zip
7/28/2025, 6:49:09 AM MST [Modules] Installing discord_krisp@1 from /home/aaron/.config/discord/0.0.102/modules/pending/discord_krisp-1.zip
7/28/2025, 6:49:09 AM MST [Modules] Starting to install discord_rpc...
7/28/2025, 6:49:09 AM MST [Modules] Streaming discord_game_utils@1 to /home/aaron/.config/discord/0.0.102/modules/pending/discord_game_utils-1.zip: 2%
7/28/2025, 6:49:09 AM MST [Modules] Streaming discord_game_utils@1 to /home/aaron/.config/discord/0.0.102/modules/pending/discord_game_utils-1.zip: 4%
7/28/2025, 6:49:09 AM MST [Modules] Streaming discord_game_utils@1 to /home/aaron/.config/discord/0.0.102/modules/pending/discord_game_utils-1.zip: 5%
7/28/2025, 6:49:09 AM MST [Modules] Streaming discord_game_utils@1 to /home/aaron/.config/discord/0.0.102/modules/pending/discord_game_utils-1.zip: 7%
7/28/2025, 6:49:09 AM MST [Modules] Streaming discord_game_utils@1 to /home/aaron/.config/discord/0.0.102/modules/pending/discord_game_utils-1.zip: 9%
7/28/2025, 6:49:09 AM MST [Modules] Streaming discord_game_utils@1 to /home/aaron/.config/discord/0.0.102/modules/pending/discord_game_utils-1.zip: 12%
7/28/2025, 6:49:09 AM MST [Modules] Streaming discord_game_utils@1 to /home/aaron/.config/discord/0.0.102/modules/pending/discord_game_utils-1.zip: 14%
7/28/2025, 6:49:09 AM MST [Modules] Streaming discord_game_utils@1 to /home/aaron/.config/discord/0.0.102/modules/pending/discord_game_utils-1.zip: 16%
7/28/2025, 6:49:09 AM MST [Modules] Streaming discord_game_utils@1 to /home/aaron/.config/discord/0.0.102/modules/pending/discord_game_utils-1.zip: 18%
7/28/2025, 6:49:09 AM MST [Modules] Streaming discord_game_utils@1 to /home/aaron/.config/discord/0.0.102/modules/pending/discord_game_utils-1.zip: 19%
7/28/2025, 6:49:09 AM MST [Modules] Streaming discord_game_utils@1 to /home/aaron/.config/discord/0.0.102/modules/pending/discord_game_utils-1.zip: 20%
7/28/2025, 6:49:09 AM MST [Modules] Streaming discord_game_utils@1 to /home/aaron/.config/discord/0.0.102/modules/pending/discord_game_utils-1.zip: 22%
7/28/2025, 6:49:09 AM MST [Modules] Streaming discord_game_utils@1 to /home/aaron/.config/discord/0.0.102/modules/pending/discord_game_utils-1.zip: 29%
7/28/2025, 6:49:09 AM MST [Modules] Streaming discord_game_utils@1 to /home/aaron/.config/discord/0.0.102/modules/pending/discord_game_utils-1.zip: 33%
7/28/2025, 6:49:09 AM MST [Modules] Streaming discord_game_utils@1 to /home/aaron/.config/discord/0.0.102/modules/pending/discord_game_utils-1.zip: 40%
7/28/2025, 6:49:09 AM MST [Modules] Streaming discord_game_utils@1 to /home/aaron/.config/discord/0.0.102/modules/pending/discord_game_utils-1.zip: 47%
7/28/2025, 6:49:09 AM MST [Modules] Streaming discord_game_utils@1 to /home/aaron/.config/discord/0.0.102/modules/pending/discord_game_utils-1.zip: 54%
7/28/2025, 6:49:09 AM MST [Modules] Streaming discord_game_utils@1 to /home/aaron/.config/discord/0.0.102/modules/pending/discord_game_utils-1.zip: 61%
7/28/2025, 6:49:09 AM MST [Modules] Streaming discord_game_utils@1 to /home/aaron/.config/discord/0.0.102/modules/pending/discord_game_utils-1.zip: 66%
7/28/2025, 6:49:09 AM MST [Modules] Streaming discord_game_utils@1 to /home/aaron/.config/discord/0.0.102/modules/pending/discord_game_utils-1.zip: 73%
7/28/2025, 6:49:09 AM MST [Modules] Streaming discord_game_utils@1 to /home/aaron/.config/discord/0.0.102/modules/pending/discord_game_utils-1.zip: 74%
7/28/2025, 6:49:09 AM MST [Modules] Streaming discord_game_utils@1 to /home/aaron/.config/discord/0.0.102/modules/pending/discord_game_utils-1.zip: 75%
7/28/2025, 6:49:09 AM MST [Modules] Streaming discord_game_utils@1 to /home/aaron/.config/discord/0.0.102/modules/pending/discord_game_utils-1.zip: 77%
7/28/2025, 6:49:09 AM MST [Modules] Streaming discord_game_utils@1 to /home/aaron/.config/discord/0.0.102/modules/pending/discord_game_utils-1.zip: 78%
7/28/2025, 6:49:09 AM MST [Modules] Streaming discord_game_utils@1 to /home/aaron/.config/discord/0.0.102/modules/pending/discord_game_utils-1.zip: 85%
7/28/2025, 6:49:09 AM MST [Modules] Streaming discord_game_utils@1 to /home/aaron/.config/discord/0.0.102/modules/pending/discord_game_utils-1.zip: 90%
7/28/2025, 6:49:09 AM MST [Modules] Streaming discord_game_utils@1 to /home/aaron/.config/discord/0.0.102/modules/pending/discord_game_utils-1.zip: 96%
7/28/2025, 6:49:09 AM MST [Modules] Streaming discord_game_utils@1 to /home/aaron/.config/discord/0.0.102/modules/pending/discord_game_utils-1.zip: 100%
7/28/2025, 6:49:09 AM MST [Modules] Fetching discord_rpc@1 from https://discord.com/api/modules/stable/discord_rpc/1
7/28/2025, 6:49:09 AM MST [Modules] Streaming discord_rpc@1 to /home/aaron/.config/discord/0.0.102/modules/pending/discord_rpc-1.zip
7/28/2025, 6:49:09 AM MST [Modules] Streaming discord_rpc@1 to /home/aaron/.config/discord/0.0.102/modules/pending/discord_rpc-1.zip: 94%
7/28/2025, 6:49:09 AM MST [Modules] Streaming discord_rpc@1 to /home/aaron/.config/discord/0.0.102/modules/pending/discord_rpc-1.zip: 100%
7/28/2025, 6:49:09 AM MST [Modules] Finished module downloads. [success: 3] [failure: 0]
7/28/2025, 6:49:10 AM MST [Modules] Installing discord_game_utils@1 from /home/aaron/.config/discord/0.0.102/modules/pending/discord_game_utils-1.zip
7/28/2025, 6:49:10 AM MST [Modules] Installing discord_rpc@1 from /home/aaron/.config/discord/0.0.102/modules/pending/discord_rpc-1.zip
7/28/2025, 6:49:10 AM MST [Modules] Finished module installations. [success: 3] [failure: 0]
7/28/2025, 6:49:37 AM MST [Modules] Host is up to date.
7/28/2025, 6:49:37 AM MST [Modules] Checking for module updates at https://discord.com/api/modules/stable/versions.json
7/28/2025, 6:49:37 AM MST [Modules] No module updates available.
7/28/2025, 7:49:37 AM MST [Modules] Host is up to date.
7/28/2025, 7:49:37 AM MST [Modules] Checking for module updates at https://discord.com/api/modules/stable/versions.json
7/28/2025, 7:49:37 AM MST [Modules] No module updates available.
7/28/2025, 8:49:37 AM MST [Modules] Host is up to date.
7/28/2025, 8:49:37 AM MST [Modules] Checking for module updates at https://discord.com/api/modules/stable/versions.json
7/28/2025, 8:49:37 AM MST [Modules] No module updates available.
7/28/2025, 9:49:37 AM MST [Modules] Host is up to date.
7/28/2025, 9:49:37 AM MST [Modules] Checking for module updates at https://discord.com/api/modules/stable/versions.json
7/28/2025, 9:49:37 AM MST [Modules] No module updates available.
7/28/2025, 10:49:37 AM MST [Modules] Host is up to date.
7/28/2025, 10:49:37 AM MST [Modules] Checking for module updates at https://discord.com/api/modules/stable/versions.json
7/28/2025, 10:49:37 AM MST [Modules] No module updates available.
7/28/2025, 11:49:37 AM MST [Modules] Host is up to date.
7/28/2025, 11:49:37 AM MST [Modules] Checking for module updates at https://discord.com/api/modules/stable/versions.json
7/28/2025, 11:49:37 AM MST [Modules] No module updates available.
7/29/2025, 4:25:50 PM MST [Modules] Modules initializing
7/29/2025, 4:25:50 PM MST [Modules] Distribution: remote
7/29/2025, 4:25:50 PM MST [Modules] Host updates: disabled
7/29/2025, 4:25:50 PM MST [Modules] Module updates: enabled
7/29/2025, 4:25:50 PM MST [Modules] Module install path: /home/aaron/.config/discord/0.0.102/modules
7/29/2025, 4:25:50 PM MST [Modules] Module installed file path: /home/aaron/.config/discord/0.0.102/modules/installed.json
7/29/2025, 4:25:50 PM MST [Modules] Module download path: /home/aaron/.config/discord/0.0.102/modules/pending
7/29/2025, 4:25:50 PM MST [Modules] No updates to install
7/29/2025, 4:25:50 PM MST [Modules] Host is up to date.
7/29/2025, 4:25:50 PM MST [Modules] Checking for module updates at https://discord.com/api/modules/stable/versions.json
7/29/2025, 4:25:51 PM MST [Modules] No module updates available.
7/29/2025, 4:33:05 PM MST [Modules] Host is up to date.
7/29/2025, 4:33:05 PM MST [Modules] Checking for module updates at https://discord.com/api/modules/stable/versions.json
7/29/2025, 4:33:05 PM MST [Modules] No module updates available.
7/29/2025, 5:33:05 PM MST [Modules] Host is up to date.
7/29/2025, 5:33:05 PM MST [Modules] Checking for module updates at https://discord.com/api/modules/stable/versions.json
7/29/2025, 5:33:05 PM MST [Modules] No module updates available.
7/29/2025, 6:33:05 PM MST [Modules] Host is up to date.
7/29/2025, 6:33:05 PM MST [Modules] Checking for module updates at https://discord.com/api/modules/stable/versions.json
7/29/2025, 6:33:05 PM MST [Modules] No module updates available.
7/29/2025, 7:33:05 PM MST [Modules] Host is up to date.
7/29/2025, 7:33:05 PM MST [Modules] Checking for module updates at https://discord.com/api/modules/stable/versions.json
7/29/2025, 7:33:05 PM MST [Modules] No module updates available.
7/29/2025, 8:33:05 PM MST [Modules] Host is up to date.
7/29/2025, 8:33:05 PM MST [Modules] Checking for module updates at https://discord.com/api/modules/stable/versions.json
7/29/2025, 8:33:05 PM MST [Modules] No module updates available.
7/29/2025, 9:33:05 PM MST [Modules] Host is up to date.
7/29/2025, 9:33:05 PM MST [Modules] Checking for module updates at https://discord.com/api/modules/stable/versions.json
7/29/2025, 9:33:05 PM MST [Modules] No module updates available.
7/29/2025, 10:33:05 PM MST [Modules] Host is up to date.
7/29/2025, 10:33:05 PM MST [Modules] Checking for module updates at https://discord.com/api/modules/stable/versions.json
7/29/2025, 10:33:05 PM MST [Modules] No module updates available.
7/30/2025, 7:28:05 AM MST [Modules] Modules initializing
7/30/2025, 7:28:05 AM MST [Modules] Distribution: remote
7/30/2025, 7:28:05 AM MST [Modules] Host updates: disabled
7/30/2025, 7:28:05 AM MST [Modules] Module updates: enabled
7/30/2025, 7:28:05 AM MST [Modules] Module install path: /home/aaron/.config/discord/0.0.102/modules
7/30/2025, 7:28:05 AM MST [Modules] Module installed file path: /home/aaron/.config/discord/0.0.102/modules/installed.json
7/30/2025, 7:28:05 AM MST [Modules] Module download path: /home/aaron/.config/discord/0.0.102/modules/pending
7/30/2025, 7:28:06 AM MST [Modules] No updates to install
7/30/2025, 7:28:06 AM MST [Modules] Host is up to date.
7/30/2025, 7:28:06 AM MST [Modules] Checking for module updates at https://discord.com/api/modules/stable/versions.json
7/30/2025, 7:28:06 AM MST [Modules] No module updates available.
7/30/2025, 7:28:15 AM MST [Modules] Host is up to date.
7/30/2025, 7:28:15 AM MST [Modules] Checking for module updates at https://discord.com/api/modules/stable/versions.json
7/30/2025, 7:28:15 AM MST [Modules] No module updates available.
7/30/2025, 8:28:15 AM MST [Modules] Host is up to date.
7/30/2025, 8:28:15 AM MST [Modules] Checking for module updates at https://discord.com/api/modules/stable/versions.json
7/30/2025, 8:28:15 AM MST [Modules] No module updates available.
7/30/2025, 9:28:15 AM MST [Modules] Host is up to date.
7/30/2025, 9:28:15 AM MST [Modules] Checking for module updates at https://discord.com/api/modules/stable/versions.json
7/30/2025, 9:28:15 AM MST [Modules] No module updates available.
7/30/2025, 10:28:15 AM MST [Modules] Host is up to date.
7/30/2025, 10:28:15 AM MST [Modules] Checking for module updates at https://discord.com/api/modules/stable/versions.json
7/30/2025, 10:28:15 AM MST [Modules] No module updates available.
7/30/2025, 11:28:15 AM MST [Modules] Host is up to date.
7/30/2025, 11:28:15 AM MST [Modules] Checking for module updates at https://discord.com/api/modules/stable/versions.json
7/30/2025, 11:28:15 AM MST [Modules] No module updates available.
7/30/2025, 12:29:28 PM MST [Modules] Modules initializing
7/30/2025, 12:29:28 PM MST [Modules] Distribution: remote
7/30/2025, 12:29:28 PM MST [Modules] Host updates: disabled
7/30/2025, 12:29:28 PM MST [Modules] Module updates: enabled
7/30/2025, 12:29:28 PM MST [Modules] Module install path: /home/aaron/.config/discord/0.0.102/modules
7/30/2025, 12:29:28 PM MST [Modules] Module installed file path: /home/aaron/.config/discord/0.0.102/modules/installed.json
7/30/2025, 12:29:28 PM MST [Modules] Module download path: /home/aaron/.config/discord/0.0.102/modules/pending
7/30/2025, 12:29:28 PM MST [Modules] No updates to install
7/30/2025, 12:29:28 PM MST [Modules] Host is up to date.
7/30/2025, 12:29:28 PM MST [Modules] Checking for module updates at https://discord.com/api/modules/stable/versions.json
7/30/2025, 12:29:29 PM MST [Modules] No module updates available.
7/30/2025, 12:29:37 PM MST [Modules] Host is up to date.
7/30/2025, 12:29:37 PM MST [Modules] Checking for module updates at https://discord.com/api/modules/stable/versions.json
7/30/2025, 12:29:37 PM MST [Modules] No module updates available.
